g:\programming\lelantos v1.0\source code\lelantos\debug\lelantos.pch
g:\programming\lelantos v1.0\source code\lelantos\debug\vc141.pdb
g:\programming\lelantos v1.0\source code\lelantos\debug\vc141.idb
g:\programming\lelantos v1.0\source code\lelantos\debug\stdafx.obj
g:\programming\lelantos v1.0\source code\lelantos\debug\lelantos.obj
g:\programming\lelantos v1.0\source code\lelantos\debug\lelantosbp.obj
g:\programming\lelantos v1.1\src\console\debug\lelantos.pch
g:\programming\lelantos v1.1\src\console\debug\vc141.pdb
g:\programming\lelantos v1.1\src\console\debug\vc141.idb
g:\programming\lelantos v1.1\src\console\debug\stdafx.obj
g:\programming\lelantos v1.1\src\console\debug\lelantos.obj
g:\programming\lelantos v1.1\src\console\debug\lelantos.exe
g:\programming\lelantos v1.1\src\console\debug\lelantos.ilk
g:\programming\lelantos v1.1\src\console\debug\lelantos.pdb
g:\programming\lelantos v1.1\src\console\debug\lelantosbp.obj
g:\programming\lelantos v1.1\src\console\debug\lelantos.obj.enc
g:\programming\lelantos v1.1\src\console\debug\lelantos.tlog\cl.command.1.tlog
g:\programming\lelantos v1.1\src\console\debug\lelantos.tlog\cl.read.1.tlog
g:\programming\lelantos v1.1\src\console\debug\lelantos.tlog\cl.write.1.tlog
g:\programming\lelantos v1.1\src\console\debug\lelantos.tlog\link.command.1.tlog
g:\programming\lelantos v1.1\src\console\debug\lelantos.tlog\link.read.1.tlog
g:\programming\lelantos v1.1\src\console\debug\lelantos.tlog\link.write.1.tlog
